<?xml version="1.0" encoding="UTF-8"?>
<coverage generated="1652464274">
  <project timestamp="1652464274">
    <file name="/shared/httpd/php/htdocs/pinkcrab_function_constructors/src/arrays.php">
      <line num="45" type="stmt" count="1"/>
      <line num="46" type="stmt" count="1"/>
      <line num="47" type="stmt" count="1"/>
      <line num="65" type="stmt" count="1"/>
      <line num="66" type="stmt" count="1"/>
      <line num="67" type="stmt" count="1"/>
      <line num="80" type="stmt" count="3"/>
      <line num="93" type="stmt" count="3"/>
      <line num="113" type="stmt" count="2"/>
      <line num="114" type="stmt" count="2"/>
      <line num="129" type="stmt" count="1"/>
      <line num="131" type="stmt" count="1"/>
      <line num="132" type="stmt" count="1"/>
      <line num="133" type="stmt" count="1"/>
      <line num="135" type="stmt" count="1"/>
      <line num="136" type="stmt" count="1"/>
      <line num="137" type="stmt" count="1"/>
      <line num="139" type="stmt" count="1"/>
      <line num="140" type="stmt" count="1"/>
      <line num="141" type="stmt" count="1"/>
      <line num="143" type="stmt" count="1"/>
      <line num="170" type="stmt" count="1"/>
      <line num="171" type="stmt" count="1"/>
      <line num="173" type="stmt" count="1"/>
      <line num="174" type="stmt" count="1"/>
      <line num="192" type="stmt" count="1"/>
      <line num="199" type="stmt" count="1"/>
      <line num="200" type="stmt" count="1"/>
      <line num="202" type="stmt" count="1"/>
      <line num="203" type="stmt" count="1"/>
      <line num="229" type="stmt" count="1"/>
      <line num="230" type="stmt" count="1"/>
      <line num="247" type="stmt" count="1"/>
      <line num="248" type="stmt" count="1"/>
      <line num="268" type="stmt" count="2"/>
      <line num="269" type="stmt" count="2"/>
      <line num="288" type="stmt" count="1"/>
      <line num="289" type="stmt" count="1"/>
      <line num="307" type="stmt" count="1"/>
      <line num="308" type="stmt" count="1"/>
      <line num="326" type="stmt" count="1"/>
      <line num="327" type="stmt" count="1"/>
      <line num="347" type="stmt" count="1"/>
      <line num="348" type="stmt" count="1"/>
      <line num="366" type="stmt" count="0"/>
      <line num="367" type="stmt" count="0"/>
      <line num="383" type="stmt" count="1"/>
      <line num="384" type="stmt" count="1"/>
      <line num="386" type="stmt" count="1"/>
      <line num="387" type="stmt" count="1"/>
      <line num="388" type="stmt" count="1"/>
      <line num="389" type="stmt" count="1"/>
      <line num="390" type="stmt" count="1"/>
      <line num="392" type="stmt" count="1"/>
      <line num="421" type="stmt" count="1"/>
      <line num="422" type="stmt" count="1"/>
      <line num="438" type="stmt" count="1"/>
      <line num="439" type="stmt" count="1"/>
      <line num="441" type="stmt" count="1"/>
      <line num="442" type="stmt" count="1"/>
      <line num="443" type="stmt" count="1"/>
      <line num="444" type="stmt" count="1"/>
      <line num="446" type="stmt" count="1"/>
      <line num="461" type="stmt" count="1"/>
      <line num="463" type="stmt" count="1"/>
      <line num="464" type="stmt" count="1"/>
      <line num="467" type="stmt" count="1"/>
      <line num="486" type="stmt" count="1"/>
      <line num="487" type="stmt" count="1"/>
      <line num="489" type="stmt" count="1"/>
      <line num="490" type="stmt" count="1"/>
      <line num="492" type="stmt" count="1"/>
      <line num="494" type="stmt" count="1"/>
      <line num="495" type="stmt" count="1"/>
      <line num="496" type="stmt" count="1"/>
      <line num="498" type="stmt" count="1"/>
      <line num="522" type="stmt" count="1"/>
      <line num="523" type="stmt" count="1"/>
      <line num="525" type="stmt" count="1"/>
      <line num="526" type="stmt" count="1"/>
      <line num="527" type="stmt" count="1"/>
      <line num="528" type="stmt" count="1"/>
      <line num="530" type="stmt" count="1"/>
      <line num="550" type="stmt" count="1"/>
      <line num="551" type="stmt" count="1"/>
      <line num="569" type="stmt" count="2"/>
      <line num="570" type="stmt" count="2"/>
      <line num="587" type="stmt" count="2"/>
      <line num="588" type="stmt" count="2"/>
      <line num="596" type="stmt" count="2"/>
      <line num="597" type="stmt" count="0"/>
      <line num="600" type="stmt" count="2"/>
      <line num="601" type="stmt" count="2"/>
      <line num="604" type="stmt" count="2"/>
      <line num="606" type="stmt" count="2"/>
      <line num="607" type="stmt" count="2"/>
      <line num="608" type="stmt" count="2"/>
      <line num="610" type="stmt" count="2"/>
      <line num="627" type="stmt" count="1"/>
      <line num="628" type="stmt" count="1"/>
      <line num="645" type="stmt" count="1"/>
      <line num="646" type="stmt" count="1"/>
      <line num="663" type="stmt" count="1"/>
      <line num="664" type="stmt" count="1"/>
      <line num="679" type="stmt" count="0"/>
      <line num="686" type="stmt" count="0"/>
      <line num="687" type="stmt" count="0"/>
      <line num="688" type="stmt" count="0"/>
      <line num="690" type="stmt" count="0"/>
      <line num="691" type="stmt" count="0"/>
      <line num="716" type="stmt" count="0"/>
      <line num="717" type="stmt" count="0"/>
      <line num="741" type="stmt" count="1"/>
      <line num="742" type="stmt" count="1"/>
      <line num="743" type="stmt" count="1"/>
      <line num="753" type="stmt" count="0"/>
      <line num="754" type="stmt" count="0"/>
      <line num="755" type="stmt" count="0"/>
      <line num="765" type="stmt" count="0"/>
      <line num="766" type="stmt" count="0"/>
      <line num="767" type="stmt" count="0"/>
      <line num="777" type="stmt" count="0"/>
      <line num="778" type="stmt" count="0"/>
      <line num="779" type="stmt" count="0"/>
      <line num="789" type="stmt" count="0"/>
      <line num="790" type="stmt" count="0"/>
      <line num="791" type="stmt" count="0"/>
      <line num="801" type="stmt" count="0"/>
      <line num="802" type="stmt" count="0"/>
      <line num="803" type="stmt" count="0"/>
      <line num="813" type="stmt" count="0"/>
      <line num="814" type="stmt" count="0"/>
      <line num="815" type="stmt" count="0"/>
      <line num="825" type="stmt" count="0"/>
      <line num="826" type="stmt" count="0"/>
      <line num="827" type="stmt" count="0"/>
      <line num="837" type="stmt" count="0"/>
      <line num="838" type="stmt" count="0"/>
      <line num="839" type="stmt" count="0"/>
      <line num="849" type="stmt" count="1"/>
      <line num="850" type="stmt" count="1"/>
      <line num="851" type="stmt" count="1"/>
      <line num="861" type="stmt" count="1"/>
      <line num="862" type="stmt" count="1"/>
      <line num="863" type="stmt" count="1"/>
      <metrics loc="864" ncloc="478" classes="0" methods="0" coveredmethods="0" conditionals="0" coveredconditionals="0" statements="145" coveredstatements="110" elements="145" coveredelements="110"/>
    </file>
    <file name="/shared/httpd/php/htdocs/pinkcrab_function_constructors/src/comparisons.php">
      <line num="48" type="stmt" count="9"/>
      <line num="49" type="stmt" count="5"/>
      <line num="52" type="stmt" count="9"/>
      <line num="53" type="stmt" count="9"/>
      <line num="54" type="stmt" count="7"/>
      <line num="55" type="stmt" count="6"/>
      <line num="56" type="stmt" count="3"/>
      <line num="57" type="stmt" count="6"/>
      <line num="58" type="stmt" count="6"/>
      <line num="59" type="stmt" count="3"/>
      <line num="60" type="stmt" count="2"/>
      <line num="61" type="stmt" count="2"/>
      <line num="62" type="stmt" count="1"/>
      <line num="63" type="stmt" count="1"/>
      <line num="64" type="stmt" count="1"/>
      <line num="66" type="stmt" count="0"/>
      <line num="67" type="stmt" count="0"/>
      <line num="69" type="stmt" count="9"/>
      <line num="70" type="stmt" count="9"/>
      <line num="88" type="stmt" count="1"/>
      <line num="89" type="stmt" count="1"/>
      <line num="108" type="stmt" count="2"/>
      <line num="109" type="stmt" count="2"/>
      <line num="110" type="stmt" count="2"/>
      <line num="129" type="stmt" count="2"/>
      <line num="130" type="stmt" count="2"/>
      <line num="131" type="stmt" count="2"/>
      <line num="148" type="stmt" count="1"/>
      <line num="149" type="stmt" count="1"/>
      <line num="166" type="stmt" count="1"/>
      <line num="167" type="stmt" count="1"/>
      <line num="186" type="stmt" count="5"/>
      <line num="187" type="stmt" count="5"/>
      <line num="189" type="stmt" count="5"/>
      <line num="190" type="stmt" count="1"/>
      <line num="191" type="stmt" count="1"/>
      <line num="192" type="stmt" count="1"/>
      <line num="193" type="stmt" count="1"/>
      <line num="195" type="stmt" count="1"/>
      <line num="196" type="stmt" count="1"/>
      <line num="199" type="stmt" count="1"/>
      <line num="202" type="stmt" count="0"/>
      <line num="204" type="stmt" count="5"/>
      <line num="218" type="stmt" count="2"/>
      <line num="236" type="stmt" count="4"/>
      <line num="237" type="stmt" count="4"/>
      <line num="239" type="stmt" count="4"/>
      <line num="240" type="stmt" count="4"/>
      <line num="241" type="stmt" count="4"/>
      <line num="243" type="stmt" count="4"/>
      <line num="261" type="stmt" count="4"/>
      <line num="262" type="stmt" count="4"/>
      <line num="264" type="stmt" count="4"/>
      <line num="265" type="stmt" count="4"/>
      <line num="266" type="stmt" count="4"/>
      <line num="268" type="stmt" count="4"/>
      <line num="286" type="stmt" count="1"/>
      <line num="287" type="stmt" count="1"/>
      <line num="302" type="stmt" count="10"/>
      <line num="303" type="stmt" count="10"/>
      <line num="304" type="stmt" count="10"/>
      <line num="306" type="stmt" count="10"/>
      <line num="319" type="stmt" count="1"/>
      <line num="320" type="stmt" count="1"/>
      <line num="321" type="stmt" count="1"/>
      <line num="324" type="stmt" count="1"/>
      <line num="337" type="stmt" count="1"/>
      <line num="338" type="stmt" count="1"/>
      <line num="339" type="stmt" count="1"/>
      <line num="342" type="stmt" count="1"/>
      <line num="355" type="stmt" count="3"/>
      <line num="368" type="stmt" count="2"/>
      <line num="381" type="stmt" count="15"/>
      <line num="394" type="stmt" count="2"/>
      <line num="407" type="stmt" count="0"/>
      <line num="425" type="stmt" count="1"/>
      <line num="426" type="stmt" count="1"/>
      <metrics loc="427" ncloc="231" classes="0" methods="0" coveredmethods="0" conditionals="0" coveredconditionals="0" statements="77" coveredstatements="73" elements="77" coveredelements="73"/>
    </file>
    <file name="/shared/httpd/php/htdocs/pinkcrab_function_constructors/src/constants.php">
      <line num="29" type="stmt" count="0"/>
      <line num="30" type="stmt" count="0"/>
      <line num="31" type="stmt" count="0"/>
      <line num="32" type="stmt" count="0"/>
      <line num="33" type="stmt" count="0"/>
      <line num="34" type="stmt" count="0"/>
      <line num="35" type="stmt" count="0"/>
      <line num="36" type="stmt" count="0"/>
      <line num="37" type="stmt" count="0"/>
      <line num="40" type="stmt" count="0"/>
      <line num="41" type="stmt" count="0"/>
      <line num="42" type="stmt" count="0"/>
      <line num="43" type="stmt" count="0"/>
      <line num="44" type="stmt" count="0"/>
      <line num="45" type="stmt" count="0"/>
      <line num="46" type="stmt" count="0"/>
      <line num="47" type="stmt" count="0"/>
      <line num="48" type="stmt" count="0"/>
      <line num="49" type="stmt" count="0"/>
      <line num="50" type="stmt" count="0"/>
      <line num="51" type="stmt" count="0"/>
      <metrics loc="51" ncloc="29" classes="0" methods="0" coveredmethods="0" conditionals="0" coveredconditionals="0" statements="21" coveredstatements="0" elements="21" coveredelements="0"/>
    </file>
    <file name="/shared/httpd/php/htdocs/pinkcrab_function_constructors/src/function-constants.php">
      <class name="Functions" namespace="global">
        <metrics complexity="0" methods="0" coveredmethods="0" conditionals="0" coveredconditionals="0" statements="0" coveredstatements="0" elements="0" coveredelements="0"/>
      </class>
      <metrics loc="61" ncloc="29" classes="0" methods="0" coveredmethods="0" conditionals="0" coveredconditionals="0" statements="0" coveredstatements="0" elements="0" coveredelements="0"/>
    </file>
    <file name="/shared/httpd/php/htdocs/pinkcrab_function_constructors/src/general.php">
      <line num="48" type="stmt" count="7"/>
      <line num="49" type="stmt" count="7"/>
      <line num="51" type="stmt" count="7"/>
      <line num="52" type="stmt" count="7"/>
      <line num="71" type="stmt" count="2"/>
      <line num="72" type="stmt" count="2"/>
      <line num="73" type="stmt" count="2"/>
      <line num="76" type="stmt" count="2"/>
      <line num="77" type="stmt" count="2"/>
      <line num="99" type="stmt" count="3"/>
      <line num="101" type="stmt" count="3"/>
      <line num="102" type="stmt" count="0"/>
      <line num="105" type="stmt" count="3"/>
      <line num="108" type="stmt" count="3"/>
      <line num="109" type="stmt" count="1"/>
      <line num="113" type="stmt" count="2"/>
      <line num="114" type="stmt" count="3"/>
      <line num="127" type="stmt" count="2"/>
      <line num="141" type="stmt" count="3"/>
      <line num="159" type="stmt" count="4"/>
      <line num="160" type="stmt" count="3"/>
      <line num="161" type="stmt" count="4"/>
      <line num="162" type="stmt" count="4"/>
      <line num="164" type="stmt" count="0"/>
      <line num="166" type="stmt" count="4"/>
      <line num="182" type="stmt" count="3"/>
      <line num="183" type="stmt" count="3"/>
      <line num="185" type="stmt" count="3"/>
      <line num="186" type="stmt" count="2"/>
      <line num="189" type="stmt" count="3"/>
      <line num="190" type="stmt" count="3"/>
      <line num="209" type="stmt" count="0"/>
      <line num="210" type="stmt" count="0"/>
      <line num="211" type="stmt" count="0"/>
      <line num="212" type="stmt" count="0"/>
      <line num="214" type="stmt" count="0"/>
      <line num="216" type="stmt" count="0"/>
      <line num="236" type="stmt" count="0"/>
      <line num="237" type="stmt" count="0"/>
      <line num="238" type="stmt" count="0"/>
      <line num="239" type="stmt" count="0"/>
      <line num="240" type="stmt" count="0"/>
      <line num="260" type="stmt" count="2"/>
      <line num="261" type="stmt" count="0"/>
      <line num="270" type="stmt" count="2"/>
      <line num="272" type="stmt" count="1"/>
      <line num="274" type="stmt" count="2"/>
      <line num="277" type="stmt" count="2"/>
      <line num="278" type="stmt" count="2"/>
      <line num="298" type="stmt" count="2"/>
      <line num="299" type="stmt" count="2"/>
      <line num="323" type="stmt" count="2"/>
      <line num="324" type="stmt" count="2"/>
      <line num="325" type="stmt" count="2"/>
      <line num="326" type="stmt" count="2"/>
      <line num="329" type="stmt" count="2"/>
      <line num="330" type="stmt" count="2"/>
      <line num="331" type="stmt" count="2"/>
      <line num="349" type="stmt" count="1"/>
      <line num="350" type="stmt" count="1"/>
      <line num="368" type="stmt" count="2"/>
      <line num="369" type="stmt" count="2"/>
      <line num="390" type="stmt" count="2"/>
      <line num="391" type="stmt" count="1"/>
      <line num="394" type="stmt" count="2"/>
      <line num="395" type="stmt" count="2"/>
      <line num="396" type="stmt" count="2"/>
      <line num="398" type="stmt" count="2"/>
      <line num="399" type="stmt" count="2"/>
      <line num="400" type="stmt" count="2"/>
      <line num="401" type="stmt" count="2"/>
      <line num="403" type="stmt" count="2"/>
      <metrics loc="404" ncloc="212" classes="0" methods="0" coveredmethods="0" conditionals="0" coveredconditionals="0" statements="72" coveredstatements="58" elements="72" coveredelements="58"/>
    </file>
    <file name="/shared/httpd/php/htdocs/pinkcrab_function_constructors/src/numbers.php">
      <line num="45" type="stmt" count="1"/>
      <line num="46" type="stmt" count="1"/>
      <line num="48" type="stmt" count="1"/>
      <line num="49" type="stmt" count="2"/>
      <line num="67" type="stmt" count="1"/>
      <line num="68" type="stmt" count="1"/>
      <line num="70" type="stmt" count="1"/>
      <line num="71" type="stmt" count="2"/>
      <line num="85" type="stmt" count="5"/>
      <line num="86" type="stmt" count="1"/>
      <line num="94" type="stmt" count="4"/>
      <line num="95" type="stmt" count="4"/>
      <line num="110" type="stmt" count="5"/>
      <line num="111" type="stmt" count="1"/>
      <line num="119" type="stmt" count="4"/>
      <line num="120" type="stmt" count="4"/>
      <line num="135" type="stmt" count="5"/>
      <line num="136" type="stmt" count="1"/>
      <line num="144" type="stmt" count="4"/>
      <line num="145" type="stmt" count="4"/>
      <line num="161" type="stmt" count="1"/>
      <line num="162" type="stmt" count="0"/>
      <line num="170" type="stmt" count="1"/>
      <line num="171" type="stmt" count="1"/>
      <line num="184" type="stmt" count="1"/>
      <line num="185" type="stmt" count="0"/>
      <line num="193" type="stmt" count="1"/>
      <line num="194" type="stmt" count="1"/>
      <line num="207" type="stmt" count="1"/>
      <line num="208" type="stmt" count="0"/>
      <line num="216" type="stmt" count="1"/>
      <line num="217" type="stmt" count="1"/>
      <line num="230" type="stmt" count="1"/>
      <line num="231" type="stmt" count="0"/>
      <line num="239" type="stmt" count="1"/>
      <line num="240" type="stmt" count="1"/>
      <line num="253" type="stmt" count="3"/>
      <line num="254" type="stmt" count="1"/>
      <line num="262" type="stmt" count="2"/>
      <line num="263" type="stmt" count="1"/>
      <line num="265" type="stmt" count="1"/>
      <line num="266" type="stmt" count="2"/>
      <metrics loc="267" ncloc="145" classes="0" methods="0" coveredmethods="0" conditionals="0" coveredconditionals="0" statements="42" coveredstatements="38" elements="42" coveredelements="38"/>
    </file>
    <file name="/shared/httpd/php/htdocs/pinkcrab_function_constructors/src/procedural.php">
      <line num="35" type="stmt" count="9"/>
      <line num="50" type="stmt" count="1"/>
      <line num="51" type="stmt" count="1"/>
      <line num="54" type="stmt" count="1"/>
      <line num="55" type="stmt" count="0"/>
      <line num="58" type="stmt" count="1"/>
      <line num="59" type="stmt" count="1"/>
      <line num="62" type="stmt" count="1"/>
      <line num="64" type="stmt" count="1"/>
      <line num="65" type="stmt" count="1"/>
      <line num="66" type="stmt" count="1"/>
      <line num="80" type="stmt" count="0"/>
      <line num="81" type="stmt" count="0"/>
      <line num="82" type="stmt" count="0"/>
      <line num="83" type="stmt" count="0"/>
      <line num="85" type="stmt" count="0"/>
      <line num="99" type="stmt" count="0"/>
      <line num="100" type="stmt" count="0"/>
      <line num="113" type="stmt" count="2"/>
      <line num="114" type="stmt" count="2"/>
      <line num="115" type="stmt" count="2"/>
      <line num="116" type="stmt" count="2"/>
      <line num="117" type="stmt" count="2"/>
      <metrics loc="119" ncloc="68" classes="0" methods="0" coveredmethods="0" conditionals="0" coveredconditionals="0" statements="23" coveredstatements="15" elements="23" coveredelements="15"/>
    </file>
    <file name="/shared/httpd/php/htdocs/pinkcrab_function_constructors/src/strings.php">
      <line num="47" type="stmt" count="1"/>
      <line num="48" type="stmt" count="1"/>
      <line num="68" type="stmt" count="1"/>
      <line num="69" type="stmt" count="1"/>
      <line num="88" type="stmt" count="1"/>
      <line num="89" type="stmt" count="1"/>
      <line num="90" type="stmt" count="1"/>
      <line num="91" type="stmt" count="1"/>
      <line num="92" type="stmt" count="1"/>
      <line num="93" type="stmt" count="1"/>
      <line num="95" type="stmt" count="1"/>
      <line num="96" type="stmt" count="1"/>
      <line num="97" type="stmt" count="1"/>
      <line num="98" type="stmt" count="1"/>
      <line num="100" type="stmt" count="1"/>
      <line num="122" type="stmt" count="0"/>
      <line num="123" type="stmt" count="0"/>
      <line num="124" type="stmt" count="0"/>
      <line num="125" type="stmt" count="0"/>
      <line num="143" type="stmt" count="4"/>
      <line num="144" type="stmt" count="6"/>
      <line num="162" type="stmt" count="4"/>
      <line num="163" type="stmt" count="6"/>
      <line num="181" type="stmt" count="1"/>
      <line num="182" type="stmt" count="1"/>
      <line num="183" type="stmt" count="1"/>
      <line num="206" type="stmt" count="1"/>
      <line num="207" type="stmt" count="1"/>
      <line num="208" type="stmt" count="1"/>
      <line num="227" type="stmt" count="6"/>
      <line num="228" type="stmt" count="6"/>
      <line num="250" type="stmt" count="1"/>
      <line num="251" type="stmt" count="1"/>
      <line num="252" type="stmt" count="1"/>
      <line num="253" type="stmt" count="1"/>
      <line num="271" type="stmt" count="4"/>
      <line num="272" type="stmt" count="4"/>
      <line num="290" type="stmt" count="1"/>
      <line num="291" type="stmt" count="0"/>
      <line num="293" type="stmt" count="1"/>
      <line num="294" type="stmt" count="1"/>
      <line num="312" type="stmt" count="8"/>
      <line num="313" type="stmt" count="8"/>
      <line num="331" type="stmt" count="1"/>
      <line num="332" type="stmt" count="1"/>
      <line num="350" type="stmt" count="1"/>
      <line num="351" type="stmt" count="1"/>
      <line num="372" type="stmt" count="1"/>
      <line num="373" type="stmt" count="1"/>
      <line num="374" type="stmt" count="1"/>
      <line num="375" type="stmt" count="1"/>
      <line num="393" type="stmt" count="2"/>
      <line num="394" type="stmt" count="2"/>
      <line num="412" type="stmt" count="1"/>
      <line num="413" type="stmt" count="1"/>
      <line num="432" type="stmt" count="1"/>
      <line num="433" type="stmt" count="1"/>
      <line num="453" type="stmt" count="1"/>
      <line num="454" type="stmt" count="1"/>
      <line num="469" type="stmt" count="1"/>
      <line num="470" type="stmt" count="0"/>
      <line num="478" type="stmt" count="1"/>
      <line num="479" type="stmt" count="1"/>
      <line num="501" type="stmt" count="1"/>
      <line num="502" type="stmt" count="1"/>
      <line num="503" type="stmt" count="1"/>
      <line num="504" type="stmt" count="1"/>
      <line num="522" type="stmt" count="1"/>
      <line num="523" type="stmt" count="1"/>
      <line num="541" type="stmt" count="1"/>
      <line num="542" type="stmt" count="1"/>
      <line num="560" type="stmt" count="1"/>
      <line num="561" type="stmt" count="1"/>
      <line num="580" type="stmt" count="1"/>
      <line num="581" type="stmt" count="1"/>
      <line num="582" type="stmt" count="1"/>
      <line num="583" type="stmt" count="1"/>
      <line num="602" type="stmt" count="1"/>
      <line num="603" type="stmt" count="1"/>
      <line num="604" type="stmt" count="1"/>
      <line num="605" type="stmt" count="1"/>
      <line num="624" type="stmt" count="1"/>
      <line num="625" type="stmt" count="1"/>
      <line num="643" type="stmt" count="1"/>
      <line num="644" type="stmt" count="1"/>
      <line num="662" type="stmt" count="1"/>
      <line num="663" type="stmt" count="0"/>
      <line num="664" type="stmt" count="1"/>
      <line num="665" type="stmt" count="1"/>
      <line num="683" type="stmt" count="1"/>
      <line num="684" type="stmt" count="1"/>
      <line num="685" type="stmt" count="1"/>
      <line num="686" type="stmt" count="1"/>
      <line num="704" type="stmt" count="1"/>
      <line num="711" type="stmt" count="1"/>
      <line num="712" type="stmt" count="1"/>
      <line num="713" type="stmt" count="1"/>
      <line num="714" type="stmt" count="1"/>
      <line num="715" type="stmt" count="1"/>
      <line num="733" type="stmt" count="1"/>
      <line num="740" type="stmt" count="1"/>
      <line num="741" type="stmt" count="1"/>
      <line num="742" type="stmt" count="1"/>
      <line num="743" type="stmt" count="1"/>
      <line num="744" type="stmt" count="1"/>
      <line num="764" type="stmt" count="1"/>
      <line num="765" type="stmt" count="1"/>
      <line num="772" type="stmt" count="1"/>
      <line num="773" type="stmt" count="1"/>
      <line num="774" type="stmt" count="1"/>
      <line num="775" type="stmt" count="1"/>
      <line num="776" type="stmt" count="1"/>
      <line num="795" type="stmt" count="1"/>
      <line num="796" type="stmt" count="1"/>
      <line num="797" type="stmt" count="1"/>
      <line num="816" type="stmt" count="1"/>
      <line num="817" type="stmt" count="1"/>
      <line num="818" type="stmt" count="1"/>
      <line num="837" type="stmt" count="1"/>
      <line num="838" type="stmt" count="1"/>
      <line num="839" type="stmt" count="1"/>
      <line num="853" type="stmt" count="2"/>
      <line num="871" type="stmt" count="1"/>
      <line num="872" type="stmt" count="1"/>
      <line num="874" type="stmt" count="1"/>
      <line num="875" type="stmt" count="1"/>
      <metrics loc="876" ncloc="435" classes="0" methods="0" coveredmethods="0" conditionals="0" coveredconditionals="0" statements="126" coveredstatements="119" elements="126" coveredelements="119"/>
    </file>
    <metrics files="8" loc="3069" ncloc="1627" classes="0" methods="0" coveredmethods="0" conditionals="0" coveredconditionals="0" statements="506" coveredstatements="413" elements="506" coveredelements="413"/>
  </project>
</coverage>
